Using pre-set license
Desktop is 1366 x 768 @ 60 Hz

 COMMAND LINE ARGUMENTS:
Unity
-adb2
-batchMode
-noUpm
-name
AssetImportWorker0
-projectPath
/home/quantmad/Project/Unity/OpenRTS
-logFile
Logs/AssetImportWorker0.log
-srvPort
40935
Successfully changed project path to: /home/quantmad/Project/Unity/OpenRTS
/home/quantmad/Project/Unity/OpenRTS
Using Asset Import Pipeline V2.
Refreshing native plugins compatible for Editor in 49,18 ms, found 0 plugins.
Preloading 0 native plugins for Editor in 0,00 ms.
Initialize engine version: 2020.3.9f1 (108be757e447)
[Subsystems] Discovering subsystems at path /home/quantmad/Unity/Install/2020.3.9f1/Editor/Data/Resources/UnitySubsystems
[Subsystems] Discovering subsystems at path /home/quantmad/Project/Unity/OpenRTS/Assets
No valid fbconfig found
GLX Extensions: GLX_ARB_get_proc_address GLX_ARB_create_context GLX_ARB_create_context_profile 
No valid fbconfig found
GLX Extensions: GLX_ARB_get_proc_address GLX_ARB_create_context GLX_ARB_create_context_profile 
GfxDevice: creating device client; threaded=0
[vulkan] LoadVulkanLibrary libvulkan.so.1[vulkan] Loaded instance function vkGetInstanceProcAddr
[vulkan] Loaded instance function vkGetInstanceProcAddr
[vulkan] Loaded instance function vkCreateInstance
[vulkan] Loaded instance function vkEnumerateInstanceExtensionProperties
[vulkan] Loaded instance function vkEnumerateInstanceLayerProperties
[vulkan] Loaded instance function vkEnumerateInstanceVersion
[Vulkan init] extensions: count=18
[Vulkan init] extensions: name=VK_KHR_device_group_creation, enabled=0
[Vulkan init] extensions: name=VK_KHR_external_fence_capabilities, enabled=0
[Vulkan init] extensions: name=VK_KHR_external_memory_capabilities, enabled=0
[Vulkan init] extensions: name=VK_KHR_external_semaphore_capabilities, enabled=0
[Vulkan init] extensions: name=VK_KHR_get_physical_device_properties2, enabled=1
[Vulkan init] extensions: name=VK_KHR_get_surface_capabilities2, enabled=0
[Vulkan init] extensions: name=VK_KHR_surface, enabled=1
[Vulkan init] extensions: name=VK_KHR_surface_protected_capabilities, enabled=0
[Vulkan init] extensions: name=VK_KHR_wayland_surface, enabled=0
[Vulkan init] extensions: name=VK_KHR_xcb_surface, enabled=0
[Vulkan init] extensions: name=VK_KHR_xlib_surface, enabled=1
[Vulkan init] extensions: name=VK_EXT_debug_report, enabled=1
[Vulkan init] extensions: name=VK_EXT_acquire_xlib_display, enabled=0
[Vulkan init] extensions: name=VK_EXT_direct_mode_display, enabled=0
[Vulkan init] extensions: name=VK_EXT_display_surface_counter, enabled=0
[Vulkan init] extensions: name=VK_KHR_display, enabled=1
[Vulkan init] extensions: name=VK_KHR_get_display_properties2, enabled=0
[Vulkan init] extensions: name=VK_EXT_debug_utils, enabled=0
Xlib:  extension "NV-GLX" missing on display ":0".
Xlib:  extension "NV-GLX" missing on display ":0".
Xlib:  extension "NV-GLX" missing on display ":0".
[vulkan] Loaded instance function vkDestroyInstance
[vulkan] Loaded instance function vkGetPhysicalDeviceProperties
[vulkan] Loaded instance function vkEnumeratePhysicalDevices
MESA-INTEL: warning: Ivy Bridge Vulkan support is incomplete
MESA-INTEL: warning: Ivy Bridge Vulkan support is incomplete
MESA-INTEL: warning: Ivy Bridge Vulkan support is incomplete
Vulkan detection: 2
[Vulkan init] extensions: count=18
[Vulkan init] extensions: name=VK_KHR_device_group_creation, enabled=0
[Vulkan init] extensions: name=VK_KHR_external_fence_capabilities, enabled=0
[Vulkan init] extensions: name=VK_KHR_external_memory_capabilities, enabled=0
[Vulkan init] extensions: name=VK_KHR_external_semaphore_capabilities, enabled=0
[Vulkan init] extensions: name=VK_KHR_get_physical_device_properties2, enabled=1
[Vulkan init] extensions: name=VK_KHR_get_surface_capabilities2, enabled=0
[Vulkan init] extensions: name=VK_KHR_surface, enabled=1
[Vulkan init] extensions: name=VK_KHR_surface_protected_capabilities, enabled=0
[Vulkan init] extensions: name=VK_KHR_wayland_surface, enabled=0
[Vulkan init] extensions: name=VK_KHR_xcb_surface, enabled=0
[Vulkan init] extensions: name=VK_KHR_xlib_surface, enabled=1
[Vulkan init] extensions: name=VK_EXT_debug_report, enabled=1
[Vulkan init] extensions: name=VK_EXT_acquire_xlib_display, enabled=0
[Vulkan init] extensions: name=VK_EXT_direct_mode_display, enabled=0
[Vulkan init] extensions: name=VK_EXT_display_surface_counter, enabled=0
[Vulkan init] extensions: name=VK_KHR_display, enabled=1
[Vulkan init] extensions: name=VK_KHR_get_display_properties2, enabled=0
[Vulkan init] extensions: name=VK_EXT_debug_utils, enabled=0
Xlib:  extension "NV-GLX" missing on display ":0".
Xlib:  extension "NV-GLX" missing on display ":0".
Xlib:  extension "NV-GLX" missing on display ":0".
[vulkan] Loaded instance function vkDestroyInstance
[vulkan] Loaded instance function vkGetPhysicalDeviceProperties
[vulkan] Loaded instance function vkEnumeratePhysicalDevices
[vulkan] Loaded instance function vkGetDeviceProcAddr
[vulkan] Loaded instance function vkGetPhysicalDeviceFeatures
[vulkan] Loaded instance function vkGetPhysicalDeviceFormatProperties
[vulkan] Loaded instance function vkGetPhysicalDeviceImageFormatProperties
[vulkan] Loaded instance function vkGetPhysicalDeviceQueueFamilyProperties
[vulkan] Loaded instance function vkGetPhysicalDeviceMemoryProperties
[vulkan] Loaded instance function vkCreateDevice
[vulkan] Loaded instance function vkEnumerateDeviceExtensionProperties
[vulkan] Loaded instance function vkEnumerateDeviceLayerProperties
[vulkan] Loaded instance function vkGetPhysicalDeviceSparseImageFormatProperties
[vulkan] Loaded instance function vkDestroySurfaceKHR
[vulkan] Loaded instance function vkGetPhysicalDeviceSurfaceSupportKHR
[vulkan] Loaded instance function vkGetPhysicalDeviceSurfaceCapabilitiesKHR
[vulkan] Loaded instance function vkGetPhysicalDeviceSurfaceFormatsKHR
[vulkan] Loaded instance function vkGetPhysicalDeviceSurfacePresentModesKHR
[vulkan] Loaded instance function vkCreateSwapchainKHR
[vulkan] Loaded instance function vkDestroySwapchainKHR
[vulkan] Loaded instance function vkGetSwapchainImagesKHR
[vulkan] Loaded instance function vkAcquireNextImageKHR
[vulkan] Loaded instance function vkQueuePresentKHR
[vulkan] Loaded instance function vkGetPhysicalDeviceDisplayPropertiesKHR
[vulkan] Loaded instance function vkGetPhysicalDeviceDisplayPlanePropertiesKHR
[vulkan] Loaded instance function vkGetDisplayPlaneSupportedDisplaysKHR
[vulkan] Loaded instance function vkGetDisplayModePropertiesKHR
[vulkan] Loaded instance function vkCreateDisplayModeKHR
[vulkan] Loaded instance function vkGetDisplayPlaneCapabilitiesKHR
[vulkan] Loaded instance function vkCreateDisplayPlaneSurfaceKHR
[vulkan] Loaded instance function vkCreateSharedSwapchainsKHR
[vulkan] Loaded instance function vkCreateXlibSurfaceKHR
[vulkan] Loaded instance function vkGetPhysicalDeviceXlibPresentationSupportKHR
[vulkan] Loaded instance function vkSetHdrMetadataEXT
[vulkan] Loaded instance function vkGetPhysicalDeviceFeatures2KHR
[vulkan] Loaded instance function vkGetPhysicalDeviceProperties2KHR
[vulkan] Loaded instance function vkGetPhysicalDeviceFormatProperties2KHR
[vulkan] Loaded instance function vkGetPhysicalDeviceImageFormatProperties2KHR
[vulkan] Loaded instance function vkGetPhysicalDeviceQueueFamilyProperties2KHR
[vulkan] Loaded instance function vkGetPhysicalDeviceMemoryProperties2KHR
[vulkan] Loaded instance function vkGetPhysicalDeviceSparseImageFormatProperties2KHR
[Vulkan init] SelectPhysicalDevice requestedDeviceIndex=-1 xrDevice=(nil)
MESA-INTEL: warning: Ivy Bridge Vulkan support is incomplete
MESA-INTEL: warning: Ivy Bridge Vulkan support is incomplete
MESA-INTEL: warning: Ivy Bridge Vulkan support is incomplete
[Vulkan init] Physical Device 0x55c617b23d40 [0]: "Intel(R) HD Graphics 4000 (IVB GT2)" deviceType=1 vendorID=8086 deviceID=166
[Vulkan init] Physical Device 0x55c617b23e80 [1]: "llvmpipe (LLVM 12.0.0, 256 bits)" deviceType=4 vendorID=10005 deviceID=0
[Vulkan init] Physical Device 0x55c617b23d60 [2]: "Intel(R) HD Graphics 4000 (IVB GT2)" deviceType=1 vendorID=8086 deviceID=166
[Vulkan init] Physical Device 0x55c617b23d80 [3]: "llvmpipe (LLVM 12.0.0, 256 bits)" deviceType=4 vendorID=10005 deviceID=0
[Vulkan init] Physical Device 0x55c617b23da0 [4]: "Intel(R) HD Graphics 4000 (IVB GT2)" deviceType=1 vendorID=8086 deviceID=166
[Vulkan init] Physical Device 0x55c617b23dc0 [5]: "llvmpipe (LLVM 12.0.0, 256 bits)" deviceType=4 vendorID=10005 deviceID=0
[Vulkan init] Selected physical device 0x55c617b23d40
[Vulkan init] Graphics queue count=1
[Vulkan init] extensions: count=83
[Vulkan init] extensions: name=VK_KHR_bind_memory2, enabled=0
[Vulkan init] extensions: name=VK_KHR_copy_commands2, enabled=0
[Vulkan init] extensions: name=VK_KHR_create_renderpass2, enabled=1
[Vulkan init] extensions: name=VK_KHR_dedicated_allocation, enabled=1
[Vulkan init] extensions: name=VK_KHR_deferred_host_operations, enabled=0
[Vulkan init] extensions: name=VK_KHR_depth_stencil_resolve, enabled=1
[Vulkan init] extensions: name=VK_KHR_descriptor_update_template, enabled=1
[Vulkan init] extensions: name=VK_KHR_device_group, enabled=0
[Vulkan init] extensions: name=VK_KHR_draw_indirect_count, enabled=0
[Vulkan init] extensions: name=VK_KHR_driver_properties, enabled=0
[Vulkan init] extensions: name=VK_KHR_external_fence, enabled=0
[Vulkan init] extensions: name=VK_KHR_external_fence_fd, enabled=0
[Vulkan init] extensions: name=VK_KHR_external_memory, enabled=0
[Vulkan init] extensions: name=VK_KHR_external_memory_fd, enabled=0
[Vulkan init] extensions: name=VK_KHR_external_semaphore, enabled=0
[Vulkan init] extensions: name=VK_KHR_external_semaphore_fd, enabled=0
[Vulkan init] extensions: name=VK_KHR_get_memory_requirements2, enabled=1
[Vulkan init] extensions: name=VK_KHR_image_format_list, enabled=1
[Vulkan init] extensions: name=VK_KHR_imageless_framebuffer, enabled=0
[Vulkan init] extensions: name=VK_KHR_incremental_present, enabled=0
[Vulkan init] extensions: name=VK_KHR_maintenance1, enabled=1
[Vulkan init] extensions: name=VK_KHR_maintenance2, enabled=1
[Vulkan init] extensions: name=VK_KHR_maintenance3, enabled=0
[Vulkan init] extensions: name=VK_KHR_multiview, enabled=1
[Vulkan init] extensions: name=VK_KHR_pipeline_executable_properties, enabled=0
[Vulkan init] extensions: name=VK_KHR_push_descriptor, enabled=0
[Vulkan init] extensions: name=VK_KHR_relaxed_block_layout, enabled=0
[Vulkan init] extensions: name=VK_KHR_sampler_mirror_clamp_to_edge, enabled=1
[Vulkan init] extensions: name=VK_KHR_sampler_ycbcr_conversion, enabled=0
[Vulkan init] extensions: name=VK_KHR_separate_depth_stencil_layouts, enabled=0
[Vulkan init] extensions: name=VK_KHR_shader_clock, enabled=0
[Vulkan init] extensions: name=VK_KHR_shader_draw_parameters, enabled=0
[Vulkan init] extensions: name=VK_KHR_shader_non_semantic_info, enabled=0
[Vulkan init] extensions: name=VK_KHR_shader_terminate_invocation, enabled=0
[Vulkan init] extensions: name=VK_KHR_spirv_1_4, enabled=0
[Vulkan init] extensions: name=VK_KHR_storage_buffer_storage_class, enabled=0
[Vulkan init] extensions: name=VK_KHR_swapchain, enabled=1
[Vulkan init] extensions: name=VK_KHR_swapchain_mutable_format, enabled=0
[Vulkan init] extensions: name=VK_KHR_timeline_semaphore, enabled=0
[Vulkan init] extensions: name=VK_KHR_uniform_buffer_standard_layout, enabled=0
[Vulkan init] extensions: name=VK_KHR_variable_pointers, enabled=0
[Vulkan init] extensions: name=VK_KHR_vulkan_memory_model, enabled=0
[Vulkan init] extensions: name=VK_KHR_workgroup_memory_explicit_layout, enabled=0
[Vulkan init] extensions: name=VK_KHR_zero_initialize_workgroup_memory, enabled=0
[Vulkan init] extensions: name=VK_EXT_4444_formats, enabled=0
[Vulkan init] extensions: name=VK_EXT_calibrated_timestamps, enabled=0
[Vulkan init] extensions: name=VK_EXT_color_write_enable, enabled=0
[Vulkan init] extensions: name=VK_EXT_depth_clip_enable, enabled=0
[Vulkan init] extensions: name=VK_EXT_display_control, enabled=0
[Vulkan init] extensions: name=VK_EXT_extended_dynamic_state, enabled=0
[Vulkan init] extensions: name=VK_EXT_external_memory_dma_buf, enabled=0
[Vulkan init] extensions: name=VK_EXT_external_memory_host, enabled=0
[Vulkan init] extensions: name=VK_EXT_host_query_reset, enabled=0
[Vulkan init] extensions: name=VK_EXT_image_drm_format_modifier, enabled=0
[Vulkan init] extensions: name=VK_EXT_image_robustness, enabled=0
[Vulkan init] extensions: name=VK_EXT_index_type_uint8, enabled=0
[Vulkan init] extensions: name=VK_EXT_inline_uniform_block, enabled=0
[Vulkan init] extensions: name=VK_EXT_line_rasterization, enabled=0
[Vulkan init] extensions: name=VK_EXT_memory_budget, enabled=0
[Vulkan init] extensions: name=VK_EXT_pci_bus_info, enabled=0
[Vulkan init] extensions: name=VK_EXT_pipeline_creation_cache_control, enabled=0
[Vulkan init] extensions: name=VK_EXT_pipeline_creation_feedback, enabled=0
[Vulkan init] extensions: name=VK_EXT_private_data, enabled=0
[Vulkan init] extensions: name=VK_EXT_provoking_vertex, enabled=0
[Vulkan init] extensions: name=VK_EXT_queue_family_foreign, enabled=0
[Vulkan init] extensions: name=VK_EXT_robustness2, enabled=0
[Vulkan init] extensions: name=VK_EXT_sample_locations, enabled=0
[Vulkan init] extensions: name=VK_EXT_scalar_block_layout, enabled=0
[Vulkan init] extensions: name=VK_EXT_separate_stencil_usage, enabled=0
[Vulkan init] extensions: name=VK_EXT_shader_atomic_float, enabled=0
[Vulkan init] extensions: name=VK_EXT_shader_demote_to_helper_invocation, enabled=0
[Vulkan init] extensions: name=VK_EXT_shader_subgroup_ballot, enabled=0
[Vulkan init] extensions: name=VK_EXT_shader_subgroup_vote, enabled=0
[Vulkan init] extensions: name=VK_EXT_shader_viewport_index_layer, enabled=1
[Vulkan init] extensions: name=VK_EXT_subgroup_size_control, enabled=0
[Vulkan init] extensions: name=VK_EXT_texel_buffer_alignment, enabled=0
[Vulkan init] extensions: name=VK_EXT_transform_feedback, enabled=0
[Vulkan init] extensions: name=VK_EXT_vertex_attribute_divisor, enabled=0
[Vulkan init] extensions: name=VK_EXT_ycbcr_image_arrays, enabled=0
[Vulkan init] extensions: name=VK_GOOGLE_decorate_string, enabled=0
[Vulkan init] extensions: name=VK_GOOGLE_hlsl_functionality1, enabled=0
[Vulkan init] extensions: name=VK_GOOGLE_user_type, enabled=0
[Vulkan init] extensions: name=VK_NV_compute_shader_derivatives, enabled=0
[vulkan] Loaded device function vkDestroyDevice
[vulkan] Loaded device function vkGetDeviceQueue
[vulkan] Loaded device function vkQueueSubmit
[vulkan] Loaded device function vkQueueWaitIdle
[vulkan] Loaded device function vkDeviceWaitIdle
[vulkan] Loaded device function vkAllocateMemory
[vulkan] Loaded device function vkFreeMemory
[vulkan] Loaded device function vkMapMemory
[vulkan] Loaded device function vkUnmapMemory
[vulkan] Loaded device function vkFlushMappedMemoryRanges
[vulkan] Loaded device function vkInvalidateMappedMemoryRanges
[vulkan] Loaded device function vkGetDeviceMemoryCommitment
[vulkan] Loaded device function vkBindBufferMemory
[vulkan] Loaded device function vkBindImageMemory
[vulkan] Loaded device function vkGetBufferMemoryRequirements
[vulkan] Loaded device function vkGetImageMemoryRequirements
[vulkan] Loaded device function vkGetImageSparseMemoryRequirements
[vulkan] Loaded device function vkQueueBindSparse
[vulkan] Loaded device function vkCreateFence
[vulkan] Loaded device function vkDestroyFence
[vulkan] Loaded device function vkResetFences
[vulkan] Loaded device function vkGetFenceStatus
[vulkan] Loaded device function vkWaitForFences
[vulkan] Loaded device function vkCreateSemaphore
[vulkan] Loaded device function vkDestroySemaphore
[vulkan] Loaded device function vkCreateEvent
[vulkan] Loaded device function vkDestroyEvent
[vulkan] Loaded device function vkGetEventStatus
[vulkan] Loaded device function vkSetEvent
[vulkan] Loaded device function vkResetEvent
[vulkan] Loaded device function vkCreateQueryPool
[vulkan] Loaded device function vkDestroyQueryPool
[vulkan] Loaded device function vkGetQueryPoolResults
[vulkan] Loaded device function vkCreateBuffer
[vulkan] Loaded device function vkDestroyBuffer
[vulkan] Loaded device function vkCreateBufferView
[vulkan] Loaded device function vkDestroyBufferView
[vulkan] Loaded device function vkCreateImage
[vulkan] Loaded device function vkDestroyImage
[vulkan] Loaded device function vkGetImageSubresourceLayout
[vulkan] Loaded device function vkCreateImageView
[vulkan] Loaded device function vkDestroyImageView
[vulkan] Loaded device function vkCreateShaderModule
[vulkan] Loaded device function vkDestroyShaderModule
[vulkan] Loaded device function vkCreatePipelineCache
[vulkan] Loaded device function vkDestroyPipelineCache
[vulkan] Loaded device function vkGetPipelineCacheData
[vulkan] Loaded device function vkMergePipelineCaches
[vulkan] Loaded device function vkCreateGraphicsPipelines
[vulkan] Loaded device function vkCreateComputePipelines
[vulkan] Loaded device function vkDestroyPipeline
[vulkan] Loaded device function vkCreatePipelineLayout
[vulkan] Loaded device function vkDestroyPipelineLayout
[vulkan] Loaded device function vkCreateSampler
[vulkan] Loaded device function vkDestroySampler
[vulkan] Loaded device function vkCreateDescriptorSetLayout
[vulkan] Loaded device function vkDestroyDescriptorSetLayout
[vulkan] Loaded device function vkCreateDescriptorPool
[vulkan] Loaded device function vkDestroyDescriptorPool
[vulkan] Loaded device function vkResetDescriptorPool
[vulkan] Loaded device function vkAllocateDescriptorSets
[vulkan] Loaded device function vkFreeDescriptorSets
[vulkan] Loaded device function vkUpdateDescriptorSets
[vulkan] Loaded device function vkCreateFramebuffer
[vulkan] Loaded device function vkDestroyFramebuffer
[vulkan] Loaded device function vkCreateRenderPass
[vulkan] Loaded device function vkDestroyRenderPass
[vulkan] Loaded device function vkGetRenderAreaGranularity
[vulkan] Loaded device function vkCreateCommandPool
[vulkan] Loaded device function vkDestroyCommandPool
[vulkan] Loaded device function vkResetCommandPool
[vulkan] Loaded device function vkAllocateCommandBuffers
[vulkan] Loaded device function vkFreeCommandBuffers
[vulkan] Loaded device function vkBeginCommandBuffer
[vulkan] Loaded device function vkEndCommandBuffer
[vulkan] Loaded device function vkResetCommandBuffer
[vulkan] Loaded device function vkCmdBindPipeline
[vulkan] Loaded device function vkCmdSetViewport
[vulkan] Loaded device function vkCmdSetScissor
[vulkan] Loaded device function vkCmdSetLineWidth
[vulkan] Loaded device function vkCmdSetDepthBias
[vulkan] Loaded device function vkCmdSetBlendConstants
[vulkan] Loaded device function vkCmdSetDepthBounds
[vulkan] Loaded device function vkCmdSetStencilCompareMask
[vulkan] Loaded device function vkCmdSetStencilWriteMask
[vulkan] Loaded device function vkCmdSetStencilReference
[vulkan] Loaded device function vkCmdBindDescriptorSets
[vulkan] Loaded device function vkCmdBindIndexBuffer
[vulkan] Loaded device function vkCmdBindVertexBuffers
[vulkan] Loaded device function vkCmdDraw
[vulkan] Loaded device function vkCmdDrawIndexed
[vulkan] Loaded device function vkCmdDrawIndirect
[vulkan] Loaded device function vkCmdDrawIndexedIndirect
[vulkan] Loaded device function vkCmdDispatch
[vulkan] Loaded device function vkCmdDispatchIndirect
[vulkan] Loaded device function vkCmdCopyBuffer
[vulkan] Loaded device function vkCmdCopyImage
[vulkan] Loaded device function vkCmdBlitImage
[vulkan] Loaded device function vkCmdCopyBufferToImage
[vulkan] Loaded device function vkCmdCopyImageToBuffer
[vulkan] Loaded device function vkCmdUpdateBuffer
[vulkan] Loaded device function vkCmdFillBuffer
[vulkan] Loaded device function vkCmdClearColorImage
[vulkan] Loaded device function vkCmdClearDepthStencilImage
[vulkan] Loaded device function vkCmdClearAttachments
[vulkan] Loaded device function vkCmdResolveImage
[vulkan] Loaded device function vkCmdSetEvent
[vulkan] Loaded device function vkCmdResetEvent
[vulkan] Loaded device function vkCmdWaitEvents
[vulkan] Loaded device function vkCmdPipelineBarrier
[vulkan] Loaded device function vkCmdBeginQuery
[vulkan] Loaded device function vkCmdEndQuery
[vulkan] Loaded device function vkCmdResetQueryPool
[vulkan] Loaded device function vkCmdWriteTimestamp
[vulkan] Loaded device function vkCmdCopyQueryPoolResults
[vulkan] Loaded device function vkCmdPushConstants
[vulkan] Loaded device function vkCmdBeginRenderPass
[vulkan] Loaded device function vkCmdNextSubpass
[vulkan] Loaded device function vkCmdEndRenderPass
[vulkan] Loaded device function vkCmdExecuteCommands
[vulkan] Loaded device function vkGetImageMemoryRequirements2KHR
[vulkan] Loaded device function vkGetBufferMemoryRequirements2KHR
[vulkan] Loaded device function vkGetImageSparseMemoryRequirements2KHR
[vulkan] Loaded device function vkCreateDescriptorUpdateTemplateKHR
[vulkan] Loaded device function vkDestroyDescriptorUpdateTemplateKHR
[vulkan] Loaded device function vkUpdateDescriptorSetWithTemplateKHR
[vulkan] Loaded device function vkCmdBeginRenderPass2KHR
[vulkan] Loaded device function vkCmdEndRenderPass2KHR
[vulkan] Loaded device function vkCmdNextSubpass2KHR
[vulkan] Loaded device function vkCreateRenderPass2KHR
[vulkan] Failed to load device function vkDebugMarkerSetObjectTagEXT
[vulkan] Loaded instance function vkDebugMarkerSetObjectTagEXT
[vulkan] Failed to load device function vkDebugMarkerSetObjectNameEXT
[vulkan] Loaded instance function vkDebugMarkerSetObjectNameEXT
[vulkan] Failed to load device function vkCmdDebugMarkerBeginEXT
[vulkan] Loaded instance function vkCmdDebugMarkerBeginEXT
[vulkan] Failed to load device function vkCmdDebugMarkerEndEXT
[vulkan] Loaded instance function vkCmdDebugMarkerEndEXT
[vulkan] Failed to load device function vkCmdDebugMarkerInsertEXT
[vulkan] Loaded instance function vkCmdDebugMarkerInsertEXT
Vulkan API version 1.1.0 (1.2.177 supported by driver, 1.1.0 requested)
Vulkan vendor=[Intel] id=[8086]
Vulkan renderer=[Intel(R) HD Graphics 4000 (IVB GT2)] id=[166]
Vulkan device type 1
Vulkan driverversion=[0x05401063] uint=[88084579]
Vulkan PSO: cache data not found [path=/tmp/DefaultCompany/OpenRTS/vulkan_pso_cache.bin]
Initialize mono
Mono path[0] = '/home/quantmad/Unity/Install/2020.3.9f1/Editor/Data/Managed'
Mono path[1] = '/home/quantmad/Unity/Install/2020.3.9f1/Editor/Data/MonoBleedingEdge/lib/mono/unityjit'
Mono config path = '/home/quantmad/Unity/Install/2020.3.9f1/Editor/Data/MonoBleedingEdge/etc'
Using monoOptions --debugger-agent=transport=dt_socket,embedding=1,server=y,suspend=n,address=127.0.0.1:56142
Begin MonoManager ReloadAssembly
Registering precompiled unity dll's ...
Register platform support module: /home/quantmad/Unity/Install/2020.3.9f1/Editor/Data/PlaybackEngines/WindowsStandaloneSupport/UnityEditor.WindowsStandalone.Extensions.dll
Register platform support module: /home/quantmad/Unity/Install/2020.3.9f1/Editor/Data/PlaybackEngines/LinuxStandaloneSupport/UnityEditor.LinuxStandalone.Extensions.dll
Registered in 0,002828 seconds.
Native extension for LinuxStandalone target not found
Native extension for WindowsStandalone target not found
Refreshing native plugins compatible for Editor in 92,16 ms, found 0 plugins.
Preloading 0 native plugins for Editor in 0,00 ms.
Mono: successfully reloaded assembly
- Completed reload, in  2,957 seconds
Platform modules already initialized, skipping
Registering precompiled user dll's ...
Registered in 0,000863 seconds.
Begin MonoManager ReloadAssembly
Native extension for LinuxStandalone target not found
Native extension for WindowsStandalone target not found
Refreshing native plugins compatible for Editor in 0,44 ms, found 0 plugins.
Preloading 0 native plugins for Editor in 0,00 ms.
Mono: successfully reloaded assembly
- Completed reload, in  2,456 seconds
Platform modules already initialized, skipping
========================================================================
Worker process is ready to serve import requests
Launched and connected shader compiler UnityShaderCompiler after 0.02 seconds
Refreshing native plugins compatible for Editor in 0,53 ms, found 0 plugins.
Preloading 0 native plugins for Editor in 0,00 ms.
Unloading 1143 Unused Serialized files (Serialized files now loaded: 0)
System memory in use before: 56,9 MB.
System memory in use after: 57,0 MB.

Unloading 10 unused Assets to reduce memory usage. Loaded Objects now: 1585.
Total: 4,560222 ms (FindLiveObjects: 0,245404 ms CreateObjectMapping: 0,098786 ms MarkObjects: 3,967971 ms  DeleteObjects: 0,245301 ms)

========================================================================
Received Import Request.
  path: Assets/Scripts/Buildings/Building.cs
  artifactKey: Guid(c7c5e1844ad42ce6a95d3eddcb22b7f9) Importer(815301076,1909f56bfc062723c751e8b465ee728b)
Start importing Assets/Scripts/Buildings/Building.cs using Guid(c7c5e1844ad42ce6a95d3eddcb22b7f9) Importer(815301076,1909f56bfc062723c751e8b465ee728b)  -> (artifact id: '15a1ed01db2eafd3fc339d8d2c8e2895') in 0,006118 seconds
  Import took 0,010112 seconds .

========================================================================
Received Prepare
Registering precompiled user dll's ...
Registered in 0,001555 seconds.
Begin MonoManager ReloadAssembly
Native extension for LinuxStandalone target not found
Native extension for WindowsStandalone target not found
Refreshing native plugins compatible for Editor in 0,33 ms, found 0 plugins.
Preloading 0 native plugins for Editor in 0,00 ms.
Mono: successfully reloaded assembly
- Completed reload, in  1,900 seconds
Platform modules already initialized, skipping
Refreshing native plugins compatible for Editor in 0,33 ms, found 0 plugins.
Preloading 0 native plugins for Editor in 0,00 ms.
Unloading 1138 Unused Serialized files (Serialized files now loaded: 0)
System memory in use before: 57,0 MB.
System memory in use after: 57,0 MB.

Unloading 5 unused Assets to reduce memory usage. Loaded Objects now: 1588.
Total: 4,938197 ms (FindLiveObjects: 0,214377 ms CreateObjectMapping: 0,081610 ms MarkObjects: 4,438785 ms  DeleteObjects: 0,199441 ms)

========================================================================
Received Import Request.
  Time since last request: 1492,005074 seconds.
  path: Assets/Scripts/Buildings/Building.cs
  artifactKey: Guid(c7c5e1844ad42ce6a95d3eddcb22b7f9) Importer(815301076,1909f56bfc062723c751e8b465ee728b)
Start importing Assets/Scripts/Buildings/Building.cs using Guid(c7c5e1844ad42ce6a95d3eddcb22b7f9) Importer(815301076,1909f56bfc062723c751e8b465ee728b)  -> (artifact id: '0ab16e03469d330be7b66122b92ff614') in 0,005388 seconds
  Import took 0,011284 seconds .

========================================================================
Received Import Request.
  Time since last request: 49,237117 seconds.
  path: Assets/Prefabs/Buildings/Houses/3-30-21B.prefab
  artifactKey: Guid(458f343421aa190ae8411fb2d44ff1dd) Importer(815301076,1909f56bfc062723c751e8b465ee728b)
Start importing Assets/Prefabs/Buildings/Houses/3-30-21B.prefab using Guid(458f343421aa190ae8411fb2d44ff1dd) Importer(815301076,1909f56bfc062723c751e8b465ee728b)  -> (artifact id: '9681a730c5555265b7f29cd487736c28') in 0,186418 seconds
  Import took 0,190893 seconds .

========================================================================
Received Prepare
Registering precompiled user dll's ...
Registered in 0,001023 seconds.
Begin MonoManager ReloadAssembly
Native extension for LinuxStandalone target not found
Native extension for WindowsStandalone target not found
Refreshing native plugins compatible for Editor in 0,36 ms, found 0 plugins.
Preloading 0 native plugins for Editor in 0,00 ms.
Mono: successfully reloaded assembly
- Completed reload, in  2,281 seconds
Platform modules already initialized, skipping
Refreshing native plugins compatible for Editor in 0,54 ms, found 0 plugins.
Preloading 0 native plugins for Editor in 0,00 ms.
Unloading 1138 Unused Serialized files (Serialized files now loaded: 0)
System memory in use before: 58,5 MB.
System memory in use after: 58,5 MB.

Unloading 5 unused Assets to reduce memory usage. Loaded Objects now: 1598.
Total: 5,167066 ms (FindLiveObjects: 0,526680 ms CreateObjectMapping: 0,124288 ms MarkObjects: 4,417010 ms  DeleteObjects: 0,095687 ms)

========================================================================
Received Prepare
Registering precompiled user dll's ...
Registered in 0,000875 seconds.
Begin MonoManager ReloadAssembly
Native extension for LinuxStandalone target not found
Native extension for WindowsStandalone target not found
Refreshing native plugins compatible for Editor in 0,36 ms, found 0 plugins.
Preloading 0 native plugins for Editor in 0,00 ms.
Mono: successfully reloaded assembly
- Completed reload, in  1,677 seconds
Platform modules already initialized, skipping
Refreshing native plugins compatible for Editor in 0,35 ms, found 0 plugins.
Preloading 0 native plugins for Editor in 0,00 ms.
Unloading 1138 Unused Serialized files (Serialized files now loaded: 0)
System memory in use before: 58,6 MB.
System memory in use after: 58,7 MB.

Unloading 5 unused Assets to reduce memory usage. Loaded Objects now: 1601.
Total: 4,874328 ms (FindLiveObjects: 0,293291 ms CreateObjectMapping: 0,145447 ms MarkObjects: 4,335196 ms  DeleteObjects: 0,097804 ms)

========================================================================
Received Prepare
Registering precompiled user dll's ...
Registered in 0,001192 seconds.
Begin MonoManager ReloadAssembly
Native extension for LinuxStandalone target not found
Native extension for WindowsStandalone target not found
Refreshing native plugins compatible for Editor in 0,33 ms, found 0 plugins.
Preloading 0 native plugins for Editor in 0,00 ms.
Mono: successfully reloaded assembly
- Completed reload, in  1,989 seconds
Platform modules already initialized, skipping
Refreshing native plugins compatible for Editor in 0,33 ms, found 0 plugins.
Preloading 0 native plugins for Editor in 0,00 ms.
Unloading 1138 Unused Serialized files (Serialized files now loaded: 0)
System memory in use before: 58,7 MB.
System memory in use after: 58,8 MB.

Unloading 5 unused Assets to reduce memory usage. Loaded Objects now: 1604.
Total: 3,949646 ms (FindLiveObjects: 0,202291 ms CreateObjectMapping: 0,073689 ms MarkObjects: 3,549418 ms  DeleteObjects: 0,121411 ms)

========================================================================
Received Prepare
Registering precompiled user dll's ...
Registered in 0,001084 seconds.
Begin MonoManager ReloadAssembly
Native extension for LinuxStandalone target not found
Native extension for WindowsStandalone target not found
Refreshing native plugins compatible for Editor in 0,42 ms, found 0 plugins.
Preloading 0 native plugins for Editor in 0,00 ms.
Mono: successfully reloaded assembly
- Completed reload, in  1,741 seconds
Platform modules already initialized, skipping
Refreshing native plugins compatible for Editor in 0,48 ms, found 0 plugins.
Preloading 0 native plugins for Editor in 0,00 ms.
Unloading 1138 Unused Serialized files (Serialized files now loaded: 0)
System memory in use before: 58,9 MB.
System memory in use after: 58,9 MB.

Unloading 5 unused Assets to reduce memory usage. Loaded Objects now: 1607.
Total: 6,039542 ms (FindLiveObjects: 0,454761 ms CreateObjectMapping: 0,149706 ms MarkObjects: 5,329235 ms  DeleteObjects: 0,102533 ms)

========================================================================
Received Prepare
Registering precompiled user dll's ...
Registered in 0,001282 seconds.
Begin MonoManager ReloadAssembly
Native extension for LinuxStandalone target not found
Native extension for WindowsStandalone target not found
Refreshing native plugins compatible for Editor in 0,33 ms, found 0 plugins.
Preloading 0 native plugins for Editor in 0,00 ms.
Mono: successfully reloaded assembly
- Completed reload, in  1,769 seconds
Platform modules already initialized, skipping
Refreshing native plugins compatible for Editor in 0,33 ms, found 0 plugins.
Preloading 0 native plugins for Editor in 0,00 ms.
Unloading 1141 Unused Serialized files (Serialized files now loaded: 0)
System memory in use before: 59,0 MB.
System memory in use after: 59,1 MB.

Unloading 5 unused Assets to reduce memory usage. Loaded Objects now: 1613.
Total: 3,965488 ms (FindLiveObjects: 0,274751 ms CreateObjectMapping: 0,078918 ms MarkObjects: 3,497012 ms  DeleteObjects: 0,111941 ms)

========================================================================
Received Prepare
Registering precompiled user dll's ...
Registered in 0,001312 seconds.
Begin MonoManager ReloadAssembly
Native extension for LinuxStandalone target not found
Native extension for WindowsStandalone target not found
Refreshing native plugins compatible for Editor in 0,48 ms, found 0 plugins.
Preloading 0 native plugins for Editor in 0,00 ms.
Mono: successfully reloaded assembly
- Completed reload, in  2,507 seconds
Platform modules already initialized, skipping
Refreshing native plugins compatible for Editor in 0,41 ms, found 0 plugins.
Preloading 0 native plugins for Editor in 0,00 ms.
Unloading 1141 Unused Serialized files (Serialized files now loaded: 0)
System memory in use before: 59,1 MB.
System memory in use after: 59,2 MB.

Unloading 5 unused Assets to reduce memory usage. Loaded Objects now: 1616.
Total: 7,568724 ms (FindLiveObjects: 0,297139 ms CreateObjectMapping: 0,098702 ms MarkObjects: 7,009196 ms  DeleteObjects: 0,159805 ms)

========================================================================
Received Prepare
Registering precompiled user dll's ...
Registered in 0,000891 seconds.
Begin MonoManager ReloadAssembly
Native extension for LinuxStandalone target not found
Native extension for WindowsStandalone target not found
Refreshing native plugins compatible for Editor in 0,39 ms, found 0 plugins.
Preloading 0 native plugins for Editor in 0,00 ms.
Mono: successfully reloaded assembly
- Completed reload, in  1,878 seconds
Platform modules already initialized, skipping
Refreshing native plugins compatible for Editor in 0,73 ms, found 0 plugins.
Preloading 0 native plugins for Editor in 0,00 ms.
Unloading 1141 Unused Serialized files (Serialized files now loaded: 0)
System memory in use before: 59,2 MB.
System memory in use after: 59,3 MB.

Unloading 5 unused Assets to reduce memory usage. Loaded Objects now: 1619.
Total: 5,174319 ms (FindLiveObjects: 0,339062 ms CreateObjectMapping: 0,096869 ms MarkObjects: 4,598364 ms  DeleteObjects: 0,136991 ms)

========================================================================
Received Prepare
Registering precompiled user dll's ...
Registered in 0,001398 seconds.
Begin MonoManager ReloadAssembly
Native extension for LinuxStandalone target not found
Native extension for WindowsStandalone target not found
Refreshing native plugins compatible for Editor in 0,33 ms, found 0 plugins.
Preloading 0 native plugins for Editor in 0,00 ms.
Mono: successfully reloaded assembly
- Completed reload, in  2,124 seconds
Platform modules already initialized, skipping
Refreshing native plugins compatible for Editor in 0,34 ms, found 0 plugins.
Preloading 0 native plugins for Editor in 0,00 ms.
Unloading 1141 Unused Serialized files (Serialized files now loaded: 0)
System memory in use before: 59,3 MB.
System memory in use after: 59,4 MB.

Unloading 5 unused Assets to reduce memory usage. Loaded Objects now: 1622.
Total: 5,897686 ms (FindLiveObjects: 0,304004 ms CreateObjectMapping: 0,103048 ms MarkObjects: 5,352016 ms  DeleteObjects: 0,135482 ms)

========================================================================
Received Prepare
Registering precompiled user dll's ...
Registered in 0,000870 seconds.
Begin MonoManager ReloadAssembly
Native extension for LinuxStandalone target not found
Native extension for WindowsStandalone target not found
Refreshing native plugins compatible for Editor in 0,34 ms, found 0 plugins.
Preloading 0 native plugins for Editor in 0,00 ms.
Mono: successfully reloaded assembly
- Completed reload, in  2,073 seconds
Platform modules already initialized, skipping
Refreshing native plugins compatible for Editor in 0,55 ms, found 0 plugins.
Preloading 0 native plugins for Editor in 0,00 ms.
Unloading 1141 Unused Serialized files (Serialized files now loaded: 0)
System memory in use before: 59,4 MB.
System memory in use after: 59,5 MB.

Unloading 5 unused Assets to reduce memory usage. Loaded Objects now: 1625.
Total: 5,892358 ms (FindLiveObjects: 0,335792 ms CreateObjectMapping: 0,087527 ms MarkObjects: 5,312181 ms  DeleteObjects: 0,153523 ms)

========================================================================
Received Prepare
Registering precompiled user dll's ...
Registered in 0,001101 seconds.
Begin MonoManager ReloadAssembly
Native extension for LinuxStandalone target not found
Native extension for WindowsStandalone target not found
Refreshing native plugins compatible for Editor in 0,41 ms, found 0 plugins.
Preloading 0 native plugins for Editor in 0,00 ms.
Mono: successfully reloaded assembly
- Completed reload, in  2,348 seconds
Platform modules already initialized, skipping
Refreshing native plugins compatible for Editor in 0,65 ms, found 0 plugins.
Preloading 0 native plugins for Editor in 0,00 ms.
Unloading 1141 Unused Serialized files (Serialized files now loaded: 0)
System memory in use before: 59,6 MB.
System memory in use after: 59,6 MB.

Unloading 5 unused Assets to reduce memory usage. Loaded Objects now: 1628.
Total: 7,035237 ms (FindLiveObjects: 1,128522 ms CreateObjectMapping: 0,229642 ms MarkObjects: 5,517176 ms  DeleteObjects: 0,155577 ms)

========================================================================
Received Prepare
Registering precompiled user dll's ...
Registered in 0,000802 seconds.
Begin MonoManager ReloadAssembly
Native extension for LinuxStandalone target not found
Native extension for WindowsStandalone target not found
Refreshing native plugins compatible for Editor in 0,34 ms, found 0 plugins.
Preloading 0 native plugins for Editor in 0,00 ms.
Mono: successfully reloaded assembly
- Completed reload, in  1,855 seconds
Platform modules already initialized, skipping
Refreshing native plugins compatible for Editor in 0,33 ms, found 0 plugins.
Preloading 0 native plugins for Editor in 0,00 ms.
Unloading 1141 Unused Serialized files (Serialized files now loaded: 0)
System memory in use before: 59,7 MB.
System memory in use after: 59,7 MB.

Unloading 5 unused Assets to reduce memory usage. Loaded Objects now: 1631.
Total: 5,802775 ms (FindLiveObjects: 0,268967 ms CreateObjectMapping: 0,115742 ms MarkObjects: 5,277232 ms  DeleteObjects: 0,136729 ms)

========================================================================
Received Prepare
Registering precompiled user dll's ...
Registered in 0,001100 seconds.
Begin MonoManager ReloadAssembly
Native extension for LinuxStandalone target not found
Native extension for WindowsStandalone target not found
Refreshing native plugins compatible for Editor in 0,70 ms, found 0 plugins.
Preloading 0 native plugins for Editor in 0,00 ms.
Mono: successfully reloaded assembly
- Completed reload, in  2,270 seconds
Platform modules already initialized, skipping
Refreshing native plugins compatible for Editor in 0,39 ms, found 0 plugins.
Preloading 0 native plugins for Editor in 0,00 ms.
Unloading 1141 Unused Serialized files (Serialized files now loaded: 0)
System memory in use before: 59,8 MB.
System memory in use after: 59,8 MB.

Unloading 5 unused Assets to reduce memory usage. Loaded Objects now: 1634.
Total: 4,073811 ms (FindLiveObjects: 0,192726 ms CreateObjectMapping: 0,068993 ms MarkObjects: 3,684636 ms  DeleteObjects: 0,125129 ms)

AssetImportWorkerClient::OnTransportError - code=2 error=End of file
